<?xml version="1.0" encoding="UTF-8"?>
<!-- Generated by org.testng.reporters.JUnitXMLReporter -->
<testsuite hostname="Karthick" name="Command line test" tests="3" failures="0" timestamp="3 Apr 2016 20:16:39 GMT" time="0.078" errors="0">
  <testcase name="paramTest" time="0.015" classname="com.foodNetwork.ServiceTest"/>
  <testcase name="paramTest2" time="0.0" classname="com.foodNetwork.ServiceTest"/>
  <testcase name="paramTest3" time="0.0" classname="com.foodNetwork.ServiceTest"/>
</testsuite>
