<?xml version="1.0" encoding="UTF-8"?>
<testng-results skipped="0" failed="1" total="1" passed="0">
  <reporter-output>
  </reporter-output>
  <suite name="Default suite" duration-ms="25" started-at="2016-04-03T17:49:00Z" finished-at="2016-04-03T17:49:00Z">
    <groups>
    </groups>
    <test name="Default test" duration-ms="25" started-at="2016-04-03T17:49:00Z" finished-at="2016-04-03T17:49:00Z">
      <class name="com.foodNetwork.ServiceTest">
        <test-method status="PASS" signature="setup()[pri:0, instance:com.foodNetwork.ServiceTest@6956de9]" name="setup" is-config="true" duration-ms="8" started-at="2016-04-03T10:49:00Z" finished-at="2016-04-03T10:49:00Z">
          <reporter-output>
          </reporter-output>
        </test-method> <!-- setup -->
        <test-method status="FAIL" signature="paramTest(java.lang.String, double)[pri:0, instance:com.foodNetwork.ServiceTest@6956de9]" name="paramTest" duration-ms="0" started-at="2016-04-03T10:49:00Z" finished-at="2016-04-03T10:49:00Z">
          <exception class="org.testng.TestNGException">
            <message>
              <![CDATA[
Parameter 'productItems' is required by @Test on method paramTest but has not been marked @Optional or defined
in C:\Users\knarayanan\AppData\Local\Temp\testng-eclipse-1222120899\testng-customsuite.xml]]>
            </message>
            <full-stacktrace>
              <![CDATA[org.testng.TestNGException: 
Parameter 'productItems' is required by @Test on method paramTest but has not been marked @Optional or defined
in C:\Users\knarayanan\AppData\Local\Temp\testng-eclipse-1222120899\testng-customsuite.xml
	at org.testng.internal.Parameters.createParameters(Parameters.java:155)
	at org.testng.internal.Parameters.createParameters(Parameters.java:358)
	at org.testng.internal.Parameters.handleParameters(Parameters.java:450)
	at org.testng.internal.Invoker.handleParameters(Invoker.java:1383)
	at org.testng.internal.Invoker.createParameters(Invoker.java:1075)
	at org.testng.internal.Invoker.invokeTestMethods(Invoker.java:1180)
	at org.testng.internal.TestMethodWorker.invokeTestMethods(TestMethodWorker.java:127)
	at org.testng.internal.TestMethodWorker.run(TestMethodWorker.java:111)
	at org.testng.TestRunner.privateRun(TestRunner.java:767)
	at org.testng.TestRunner.run(TestRunner.java:617)
	at org.testng.SuiteRunner.runTest(SuiteRunner.java:334)
	at org.testng.SuiteRunner.runSequentially(SuiteRunner.java:329)
	at org.testng.SuiteRunner.privateRun(SuiteRunner.java:291)
	at org.testng.SuiteRunner.run(SuiteRunner.java:240)
	at org.testng.SuiteRunnerWorker.runSuite(SuiteRunnerWorker.java:52)
	at org.testng.SuiteRunnerWorker.run(SuiteRunnerWorker.java:86)
	at org.testng.TestNG.runSuitesSequentially(TestNG.java:1224)
	at org.testng.TestNG.runSuitesLocally(TestNG.java:1149)
	at org.testng.TestNG.run(TestNG.java:1057)
	at org.testng.remote.RemoteTestNG.run(RemoteTestNG.java:111)
	at org.testng.remote.RemoteTestNG.initAndRun(RemoteTestNG.java:204)
	at org.testng.remote.RemoteTestNG.main(RemoteTestNG.java:175)
]]>
            </full-stacktrace>
          </exception> <!-- org.testng.TestNGException -->
          <reporter-output>
          </reporter-output>
        </test-method> <!-- paramTest -->
      </class> <!-- com.foodNetwork.ServiceTest -->
    </test> <!-- Default test -->
  </suite> <!-- Default suite -->
</testng-results>
